<?xml version="1.0" encoding="UTF-8"?>
<!-- Generated by org.testng.reporters.JUnitReportReporter -->
<testsuite skipped="0" hostname="DESKTOP-952V858" name="KiteTabQA.get_company_code" tests="4" failures="0" timestamp="2021-05-25T14:24:39 IST" time="5.217" errors="0">
  <testcase name="TC_04_" time="0.803" classname="KiteTabQA.get_company_code"/>
  <system-out/>
  <testcase name="TC_03_" time="0.919" classname="KiteTabQA.get_company_code"/>
  <system-out/>
  <testcase name="TC_01" time="2.678" classname="KiteTabQA.get_company_code"/>
  <system-out/>
  <testcase name="TC_02_" time="0.817" classname="KiteTabQA.get_company_code"/>
  <system-out/>
</testsuite> <!-- KiteTabQA.get_company_code -->
